<?xml version="1.0" encoding="UTF-8"?>
<!-- Generated by org.testng.reporters.JUnitReportReporter -->
<testsuite hostname="orzel" name="pl.edu.agh.cs.kraksim.routing.associatedrules.statistics.CurrentPredictionContainerTest" tests="4" failures="0" timestamp="22 May 2012 14:04:03 GMT" time="0,016" errors="0">
  <testcase name="testAddTwoRulesPredictingCongestionAfterTwoPeriods" time="0,000" classname="pl.edu.agh.cs.kraksim.routing.associatedrules.statistics.CurrentPredictionContainerTest"/>
  <testcase name="testAddTwoRulesPredictingCongestionAfterTwoAndThreePeriods" time="0,000" classname="pl.edu.agh.cs.kraksim.routing.associatedrules.statistics.CurrentPredictionContainerTest"/>
  <testcase name="testAddOneRulePredictingCongestionAfterTwoPeriods" time="0,000" classname="pl.edu.agh.cs.kraksim.routing.associatedrules.statistics.CurrentPredictionContainerTest"/>
  <testcase name="testAddOneRulePredictingCongestionAfterOnePeriod" time="0,016" classname="pl.edu.agh.cs.kraksim.routing.associatedrules.statistics.CurrentPredictionContainerTest"/>
</testsuite>
