<?xml version="1.0" encoding="UTF-8"?>
<!-- Generated by org.testng.reporters.JUnitReportReporter -->
<testsuite hostname="orzel" name="pl.edu.agh.cs.kraksim.routing.weka.statistics.RuleStatistics_OneRulePredictsOneCongestionTest" tests="1" failures="1" timestamp="2 Aug 2012 12:33:19 GMT" time="0,000" errors="0">
  <testcase name="oneRulePredictsCongestionOneTime" time="0,000" classname="pl.edu.agh.cs.kraksim.routing.weka.statistics.RuleStatistics_OneRulePredictsOneCongestionTest">
    <failure type="java.lang.NoClassDefFoundError" message="pl/edu/agh/cs/kraksim/routing/weka/rules/RulePredictionSetup">
      <![CDATA[java.lang.NoClassDefFoundError: pl/edu/agh/cs/kraksim/routing/weka/rules/RulePredictionSetup
	at pl.edu.agh.cs.kraksim.routing.weka.statistics.RuleStatistics_RulePredictCongestionTest.setUpStatistics(RuleStatistics_RulePredictCongestionTest.java:26)
	at sun.reflect.NativeMethodAccessorImpl.invoke0(Native Method)
	at sun.reflect.NativeMethodAccessorImpl.invoke(NativeMethodAccessorImpl.java:57)
	at sun.reflect.DelegatingMethodAccessorImpl.invoke(DelegatingMethodAccessorImpl.java:43)
	at java.lang.reflect.Method.invoke(Method.java:601)
	at org.testng.internal.MethodInvocationHelper.invokeMethod(MethodInvocationHelper.java:76)
	at org.testng.internal.Invoker.invokeConfigurationMethod(Invoker.java:525)
	at org.testng.internal.Invoker.invokeConfigurations(Invoker.java:202)
	at org.testng.internal.Invoker.invokeConfigurations(Invoker.java:130)
	at org.testng.SuiteRunner.privateRun(SuiteRunner.java:260)
	at org.testng.SuiteRunner.run(SuiteRunner.java:223)
	at org.testng.SuiteRunnerWorker.runSuite(SuiteRunnerWorker.java:52)
	at org.testng.SuiteRunnerWorker.run(SuiteRunnerWorker.java:86)
	at org.testng.TestNG.runSuitesSequentially(TestNG.java:1049)
	at org.testng.TestNG.runSuitesLocally(TestNG.java:974)
	at org.testng.TestNG.run(TestNG.java:905)
	at org.testng.remote.RemoteTestNG.run(RemoteTestNG.java:111)
	at org.testng.remote.RemoteTestNG.initAndRun(RemoteTestNG.java:203)
	at org.testng.remote.RemoteTestNG.main(RemoteTestNG.java:174)
Caused by: java.lang.ClassNotFoundException: pl.edu.agh.cs.kraksim.routing.weka.rules.RulePredictionSetup
	at java.net.URLClassLoader$1.run(URLClassLoader.java:366)
	at java.net.URLClassLoader$1.run(URLClassLoader.java:355)
	at java.security.AccessController.doPrivileged(Native Method)
	at java.net.URLClassLoader.findClass(URLClassLoader.java:354)
	at java.lang.ClassLoader.loadClass(ClassLoader.java:423)
	at sun.misc.Launcher$AppClassLoader.loadClass(Launcher.java:308)
	at java.lang.ClassLoader.loadClass(ClassLoader.java:356)
	... 19 more
]]>
    </failure>
  </testcase>
</testsuite>
