<?xml version="1.0" encoding="UTF-8"?>
<!-- Generated by org.testng.reporters.JUnitReportReporter -->
<testsuite hostname="orzel" name="pl.edu.agh.cs.kraksim.routing.weka.classification.ClassificationPrediction_ResultTest_ForOnePeriod" tests="7" failures="0" timestamp="12 Aug 2012 14:22:13 GMT" time="0,140" errors="0">
  <testcase name="testPredictionOnePeriodAfter700Turns_PredictingNoCongestion" time="0,000" classname="pl.edu.agh.cs.kraksim.routing.weka.classification.ClassificationPrediction_ResultTest_ForOnePeriod"/>
  <testcase name="testPredictionOnePeriodAfter700Turns_PredictingCongestion" time="0,016" classname="pl.edu.agh.cs.kraksim.routing.weka.classification.ClassificationPrediction_ResultTest_ForOnePeriod"/>
  <testcase name="testPredictionFourPeriodAfter1000Turns_PredictingTwoCongestions" time="0,015" classname="pl.edu.agh.cs.kraksim.routing.weka.classification.ClassificationPrediction_ResultTest_ForOnePeriod"/>
  <testcase name="testPredictionOnePeriodAfter700Turns_PredictingWronglyNoCongestion" time="0,015" classname="pl.edu.agh.cs.kraksim.routing.weka.classification.ClassificationPrediction_ResultTest_ForOnePeriod"/>
  <testcase name="testPredictionFourPeriodAfter1000Turns_PredictingOneCongestion_AndOneWrongly" time="0,063" classname="pl.edu.agh.cs.kraksim.routing.weka.classification.ClassificationPrediction_ResultTest_ForOnePeriod"/>
  <testcase name="testPredictionTwoPeriodAfter800Turns_PredictingCongestion" time="0,016" classname="pl.edu.agh.cs.kraksim.routing.weka.classification.ClassificationPrediction_ResultTest_ForOnePeriod"/>
  <testcase name="testPredictionTwoPeriodAfter800Turns_PredictingCongestion2" time="0,015" classname="pl.edu.agh.cs.kraksim.routing.weka.classification.ClassificationPrediction_ResultTest_ForOnePeriod"/>
</testsuite>
