<?xml version="1.0" encoding="UTF-8"?>
<!-- Generated by org.testng.reporters.JUnitReportReporter -->
<testsuite hostname="orzel" name="pl.edu.agh.cs.kraksim.routing.associatedrules.PredictorTest" tests="4" failures="0" timestamp="22 May 2012 14:04:03 GMT" time="0,078" errors="0">
  <testcase name="testWorldStateRefreahNeeded200" time="0,016" classname="pl.edu.agh.cs.kraksim.routing.associatedrules.PredictorTest"/>
  <testcase name="testWorldStateRefreahNeeded400" time="0,016" classname="pl.edu.agh.cs.kraksim.routing.associatedrules.PredictorTest"/>
  <testcase name="testWorldStateRefreahNeeded300" time="0,015" classname="pl.edu.agh.cs.kraksim.routing.associatedrules.PredictorTest"/>
  <testcase name="testWorldStateRefreahNeeded100" time="0,031" classname="pl.edu.agh.cs.kraksim.routing.associatedrules.PredictorTest"/>
</testsuite>
