<?xml version="1.0" encoding="UTF-8"?>
<!-- Generated by org.testng.reporters.JUnitReportReporter -->
<testsuite hostname="orzel" name="pl.edu.agh.cs.kraksim.weka.timeSeries.TimeSeriesPrediction_ResuotTest_ForOnePeriod2" tests="3" failures="0" timestamp="29 Oct 2012 17:30:42 GMT" time="0.375" errors="0">
  <testcase name="testOnePredicted_FirstTurn" time="0.110" classname="pl.edu.agh.cs.kraksim.weka.timeSeries.TimeSeriesPrediction_ResuotTest_ForOnePeriod2"/>
  <testcase name="testThreePredicted_FirstTurn" time="0.078" classname="pl.edu.agh.cs.kraksim.weka.timeSeries.TimeSeriesPrediction_ResuotTest_ForOnePeriod2"/>
  <testcase name="testThreePredicted_FirstTurn2" time="0.187" classname="pl.edu.agh.cs.kraksim.weka.timeSeries.TimeSeriesPrediction_ResuotTest_ForOnePeriod2"/>
</testsuite> <!-- pl.edu.agh.cs.kraksim.weka.timeSeries.TimeSeriesPrediction_ResuotTest_ForOnePeriod2 -->
