<?xml version="1.0" encoding="UTF-8"?>
<!-- Generated by org.testng.reporters.JUnitReportReporter -->
<testsuite hostname="orzel" name="pl.edu.agh.cs.kraksim.routing.weka.classification.ClassificationPrediction_ComputeResultTimeTest" tests="4" failures="0" timestamp="12 Aug 2012 14:22:13 GMT" time="0,281" errors="0">
  <testcase name="testComputeResultAfter700Turns_Actual600Turns" time="0,016" classname="pl.edu.agh.cs.kraksim.routing.weka.classification.ClassificationPrediction_ComputeResultTimeTest"/>
  <testcase name="testComputeResultAfter600Turns_Actual500Turns" time="0,016" classname="pl.edu.agh.cs.kraksim.routing.weka.classification.ClassificationPrediction_ComputeResultTimeTest"/>
  <testcase name="testComputeResultAfter700Turns" time="0,031" classname="pl.edu.agh.cs.kraksim.routing.weka.classification.ClassificationPrediction_ComputeResultTimeTest"/>
  <testcase name="testComputeResultAfter600Turns" time="0,218" classname="pl.edu.agh.cs.kraksim.routing.weka.classification.ClassificationPrediction_ComputeResultTimeTest"/>
</testsuite>
