<?xml version="1.0" encoding="UTF-8"?>
<!-- Generated by org.testng.reporters.JUnitReportReporter -->
<testsuite hostname="orzel" name="pl.edu.agh.cs.kraksim.weka.timeSeries.TimeSeriesPrediction_ResultTest_ForOnePeriod" tests="6" failures="0" timestamp="29 Oct 2012 17:30:42 GMT" time="0.437" errors="0">
  <testcase name="testNoCongestions" time="0.125" classname="pl.edu.agh.cs.kraksim.weka.timeSeries.TimeSeriesPrediction_ResultTest_ForOnePeriod"/>
  <testcase name="test2_1_1_1" time="0.077" classname="pl.edu.agh.cs.kraksim.weka.timeSeries.TimeSeriesPrediction_ResultTest_ForOnePeriod"/>
  <testcase name="test1_1_1_0_FirstTurn" time="0.063" classname="pl.edu.agh.cs.kraksim.weka.timeSeries.TimeSeriesPrediction_ResultTest_ForOnePeriod"/>
  <testcase name="test1_0_1_1_FirstTurn" time="0.062" classname="pl.edu.agh.cs.kraksim.weka.timeSeries.TimeSeriesPrediction_ResultTest_ForOnePeriod"/>
  <testcase name="test1_0_0_1_LastTurn" time="0.063" classname="pl.edu.agh.cs.kraksim.weka.timeSeries.TimeSeriesPrediction_ResultTest_ForOnePeriod"/>
  <testcase name="testOneNotPredicted" time="0.047" classname="pl.edu.agh.cs.kraksim.weka.timeSeries.TimeSeriesPrediction_ResultTest_ForOnePeriod"/>
</testsuite> <!-- pl.edu.agh.cs.kraksim.weka.timeSeries.TimeSeriesPrediction_ResultTest_ForOnePeriod -->
