<?xml version="1.0" encoding="UTF-8"?>
<!-- Generated by org.testng.reporters.JUnitReportReporter -->
<testsuite hostname="orzel" name="pl.edu.agh.cs.kraksim.routing.weka.classification.ResultTest_ForTwoPeriods_TwoPeriodsDepth" tests="6" failures="0" timestamp="12 Aug 2012 14:22:13 GMT" time="0,436" errors="0">
  <testcase name="testPredictionFrom1900To2900Turns_Timesteps_3_5" time="0,047" classname="pl.edu.agh.cs.kraksim.routing.weka.classification.ResultTest_ForTwoPeriods_TwoPeriodsDepth"/>
  <testcase name="testPredictionFrom1900To2800Turns_Timesteps_3_4" time="0,140" classname="pl.edu.agh.cs.kraksim.routing.weka.classification.ResultTest_ForTwoPeriods_TwoPeriodsDepth"/>
  <testcase name="testPredictionFrom1900To2700Turns" time="0,062" classname="pl.edu.agh.cs.kraksim.routing.weka.classification.ResultTest_ForTwoPeriods_TwoPeriodsDepth"/>
  <testcase name="testPredictionFrom1900To2900Turns_Timesteps_4_4_dataset2" time="0,078" classname="pl.edu.agh.cs.kraksim.routing.weka.classification.ResultTest_ForTwoPeriods_TwoPeriodsDepth"/>
  <testcase name="testPredictionFrom1900To2800Turns" time="0,047" classname="pl.edu.agh.cs.kraksim.routing.weka.classification.ResultTest_ForTwoPeriods_TwoPeriodsDepth"/>
  <testcase name="testPredictionFrom1900To2900Turns_Timesteps_4_4_dataset1" time="0,062" classname="pl.edu.agh.cs.kraksim.routing.weka.classification.ResultTest_ForTwoPeriods_TwoPeriodsDepth"/>
</testsuite>
