<?xml version="1.0" encoding="UTF-8"?>
<!-- Generated by org.testng.reporters.JUnitReportReporter -->
<testsuite hostname="orzel" name="pl.edu.agh.cs.kraksim.routing.rulesprediction.statistics.RuleStatisticsTest" tests="7" failures="0" timestamp="9 Jun 2012 21:04:30 GMT" time="0,000" errors="0">
  <testcase name="testRuleWithTwoLinksWillNOTPredictCongestionBecauseOneLink" time="0,000" classname="pl.edu.agh.cs.kraksim.routing.rulesprediction.statistics.RuleStatisticsTest"/>
  <testcase name="testRuleWithThreeLinksPredictCongestion" time="0,000" classname="pl.edu.agh.cs.kraksim.routing.rulesprediction.statistics.RuleStatisticsTest"/>
  <testcase name="testRuleWithOneLinkPredictCongestionIn200Turns" time="0,000" classname="pl.edu.agh.cs.kraksim.routing.rulesprediction.statistics.RuleStatisticsTest"/>
  <testcase name="testRuleWithOneLinkWillNOTPredictCongestionIn300Turns" time="0,000" classname="pl.edu.agh.cs.kraksim.routing.rulesprediction.statistics.RuleStatisticsTest"/>
  <testcase name="testRuleWithTwoLinksPredictCongestion" time="0,000" classname="pl.edu.agh.cs.kraksim.routing.rulesprediction.statistics.RuleStatisticsTest"/>
  <testcase name="testRuleWithOneLinkPredictCongestionIn100Turns" time="0,000" classname="pl.edu.agh.cs.kraksim.routing.rulesprediction.statistics.RuleStatisticsTest"/>
  <testcase name="testRuleWithTwoLinksWillNOTPredictCongestionBecauseBothLinks" time="0,000" classname="pl.edu.agh.cs.kraksim.routing.rulesprediction.statistics.RuleStatisticsTest"/>
</testsuite>
