<?xml version="1.0" encoding="UTF-8"?>
<!-- Generated by org.testng.reporters.JUnitReportReporter -->
<testsuite hostname="orzel" name="pl.edu.agh.cs.kraksim.routing.weka.rules.statistics.RuleStatistics_RulePredictCongestionTest" tests="8" failures="0" timestamp="25 Jun 2012 15:29:00 GMT" time="0,016" errors="0">
  <testcase name="testRuleWithTwoLinksWillNOTPredictCongestionBecauseBothLinks" time="0,000" classname="pl.edu.agh.cs.kraksim.routing.weka.rules.statistics.RuleStatistics_RulePredictCongestionTest"/>
  <testcase name="testRuleWithOneLinkWillNOTPredictCongestionIn200Turns" time="0,000" classname="pl.edu.agh.cs.kraksim.routing.weka.rules.statistics.RuleStatistics_RulePredictCongestionTest"/>
  <testcase name="testRuleWithTwoLinksPredictCongestion" time="0,016" classname="pl.edu.agh.cs.kraksim.routing.weka.rules.statistics.RuleStatistics_RulePredictCongestionTest"/>
  <testcase name="testRuleWithThreeLinksPredictCongestion" time="0,000" classname="pl.edu.agh.cs.kraksim.routing.weka.rules.statistics.RuleStatistics_RulePredictCongestionTest"/>
  <testcase name="testRuleWithOneLinkWillNOTPredictCongestionIn100Turns" time="0,000" classname="pl.edu.agh.cs.kraksim.routing.weka.rules.statistics.RuleStatistics_RulePredictCongestionTest"/>
  <testcase name="testRuleWithTwoLinksWillNOTPredictCongestionBecauseOneLink" time="0,000" classname="pl.edu.agh.cs.kraksim.routing.weka.rules.statistics.RuleStatistics_RulePredictCongestionTest"/>
  <testcase name="testRuleWithFourLinksPredictCongestion" time="0,000" classname="pl.edu.agh.cs.kraksim.routing.weka.rules.statistics.RuleStatistics_RulePredictCongestionTest"/>
  <testcase name="testRuleWithOneLinkWillPredictCongestionIn300Turns" time="0,000" classname="pl.edu.agh.cs.kraksim.routing.weka.rules.statistics.RuleStatistics_RulePredictCongestionTest"/>
</testsuite>
