<?xml version="1.0" encoding="UTF-8"?>
<!-- Generated by org.testng.reporters.JUnitReportReporter -->
<testsuite hostname="orzel" name="pl.edu.agh.cs.kraksim.routing.rulesprediction.statistics.CurrentPredictionContainerTest" tests="4" failures="0" timestamp="9 Jun 2012 21:04:30 GMT" time="0,000" errors="0">
  <testcase name="testAddTwoRulesPredictingCongestionAfterTwoAndThreePeriods" time="0,000" classname="pl.edu.agh.cs.kraksim.routing.rulesprediction.statistics.CurrentPredictionContainerTest"/>
  <testcase name="testAddOneRulePredictingCongestionAfterTwoPeriods" time="0,000" classname="pl.edu.agh.cs.kraksim.routing.rulesprediction.statistics.CurrentPredictionContainerTest"/>
  <testcase name="testAddOneRulePredictingCongestionAfterOnePeriod" time="0,000" classname="pl.edu.agh.cs.kraksim.routing.rulesprediction.statistics.CurrentPredictionContainerTest"/>
  <testcase name="testAddTwoRulesPredictingCongestionAfterTwoPeriods" time="0,000" classname="pl.edu.agh.cs.kraksim.routing.rulesprediction.statistics.CurrentPredictionContainerTest"/>
</testsuite>
