<?xml version="1.0" encoding="UTF-8"?>
<!-- Generated by org.testng.reporters.JUnitReportReporter -->
<testsuite hostname="orzel" name="pl.edu.agh.cs.kraksim.routing.weka.rules.statistics.RuleStatisticsTest" tests="2" failures="0" timestamp="18 Jun 2012 06:24:34 GMT" time="0,016" errors="0">
  <testcase name="oneRulePredictsCongestionTwoTimes" time="0,000" classname="pl.edu.agh.cs.kraksim.routing.weka.rules.statistics.RuleStatisticsTest"/>
  <testcase name="oneRulePredictsCongestionOneTime" time="0,016" classname="pl.edu.agh.cs.kraksim.routing.weka.rules.statistics.RuleStatisticsTest"/>
</testsuite>
