<?xml version="1.0" encoding="UTF-8"?>
<!-- Generated by org.testng.reporters.JUnitXMLReporter -->
<testsuite hostname="orzel" name="Default test" tests="14" failures="0" timestamp="29 Oct 2012 17:30:42 GMT" time="1.234" errors="0">
  <testcase name="testOnePeriodAverage_AfterOnePeriod" time="0.016" classname="pl.edu.agh.cs.kraksim.weka.utils.SimpleMovingAverageTest"/>
  <testcase name="testOnePeriodAverage_AfterTwoPeriods" time="0.0" classname="pl.edu.agh.cs.kraksim.weka.utils.SimpleMovingAverageTest"/>
  <testcase name="testTwoPeriodsAverage_AfterThreePeriods" time="0.0" classname="pl.edu.agh.cs.kraksim.weka.utils.SimpleMovingAverageTest"/>
  <testcase name="testTwoPeriodsAverage_AfterTwoPeriods" time="0.0" classname="pl.edu.agh.cs.kraksim.weka.utils.SimpleMovingAverageTest"/>
  <testcase name="testCongestionAmountAfter1000" time="0.157" classname="pl.edu.agh.cs.kraksim.weka.timeSeries.TimeSeriesPrediction_CongestionAmountTest"/>
  <testcase name="test1_0_0_1_LastTurn" time="0.063" classname="pl.edu.agh.cs.kraksim.weka.timeSeries.TimeSeriesPrediction_ResultTest_ForOnePeriod"/>
  <testcase name="test1_0_1_1_FirstTurn" time="0.062" classname="pl.edu.agh.cs.kraksim.weka.timeSeries.TimeSeriesPrediction_ResultTest_ForOnePeriod"/>
  <testcase name="test1_1_1_0_FirstTurn" time="0.063" classname="pl.edu.agh.cs.kraksim.weka.timeSeries.TimeSeriesPrediction_ResultTest_ForOnePeriod"/>
  <testcase name="test2_1_1_1" time="0.062" classname="pl.edu.agh.cs.kraksim.weka.timeSeries.TimeSeriesPrediction_ResultTest_ForOnePeriod"/>
  <testcase name="testNoCongestions" time="0.125" classname="pl.edu.agh.cs.kraksim.weka.timeSeries.TimeSeriesPrediction_ResultTest_ForOnePeriod"/>
  <testcase name="testOneNotPredicted" time="0.047" classname="pl.edu.agh.cs.kraksim.weka.timeSeries.TimeSeriesPrediction_ResultTest_ForOnePeriod"/>
  <testcase name="testOnePredicted_FirstTurn" time="0.094" classname="pl.edu.agh.cs.kraksim.weka.timeSeries.TimeSeriesPrediction_ResuotTest_ForOnePeriod2"/>
  <testcase name="testThreePredicted_FirstTurn" time="0.078" classname="pl.edu.agh.cs.kraksim.weka.timeSeries.TimeSeriesPrediction_ResuotTest_ForOnePeriod2"/>
  <testcase name="testThreePredicted_FirstTurn2" time="0.187" classname="pl.edu.agh.cs.kraksim.weka.timeSeries.TimeSeriesPrediction_ResuotTest_ForOnePeriod2"/>
</testsuite> <!-- Default test -->
